<?xml version="1.0" encoding="UTF-8"?>
<!-- Generated by org.testng.reporters.JUnitXMLReporter -->
<testsuite ignored="0" hostname="LAPTOP-RQ5ADVUS" failures="0" tests="5" name="Default test" time="30.81" errors="0" timestamp="2024-01-09T23:20:36 EET">
  <testcase classname="jupiterCloudProject.testCases" name="addAllItems" time="2.364"/>
  <testcase classname="jupiterCloudProject.testCases" name="checkoutProcess" time="20.716"/>
  <testcase classname="jupiterCloudProject.testCases" name="addTheHighestPriceProduct" time="2.492"/>
  <testcase classname="jupiterCloudProject.testCases" name="addItemsInTheSecondRow" time="0.266"/>
  <testcase classname="jupiterCloudProject.testCases" name="removeFirstAndThirdItem" time="2.634"/>
</testsuite> <!-- Default test -->
