<?xml version="1.0" encoding="UTF-8"?>
<testng-results ignored="0" total="5" passed="5" failed="0" skipped="0">
  <reporter-output>
  </reporter-output>
  <suite started-at="2024-01-09T23:20:05 EET" name="Default suite" finished-at="2024-01-09T23:20:36 EET" duration-ms="30810">
    <groups>
    </groups>
    <test started-at="2024-01-09T23:20:05 EET" name="Default test" finished-at="2024-01-09T23:20:36 EET" duration-ms="30810">
      <class name="jupiterCloudProject.testCases">
        <test-method is-config="true" signature="setup()[pri:0, instance:jupiterCloudProject.testCases@2dbe250d]" started-at="2024-01-09T23:20:05 EET" name="setup" finished-at="2024-01-09T23:20:08 EET" duration-ms="2278" status="PASS">
          <reporter-output>
          </reporter-output>
        </test-method> <!-- setup -->
        <test-method signature="addAllItems()[pri:1, instance:jupiterCloudProject.testCases@2dbe250d]" started-at="2024-01-09T23:20:08 EET" name="addAllItems" finished-at="2024-01-09T23:20:10 EET" duration-ms="2364" status="PASS">
          <reporter-output>
          </reporter-output>
        </test-method> <!-- addAllItems -->
        <test-method signature="checkoutProcess()[pri:2, instance:jupiterCloudProject.testCases@2dbe250d]" started-at="2024-01-09T23:20:10 EET" name="checkoutProcess" finished-at="2024-01-09T23:20:31 EET" duration-ms="20716" status="PASS">
          <reporter-output>
          </reporter-output>
        </test-method> <!-- checkoutProcess -->
        <test-method signature="addTheHighestPriceProduct()[pri:3, instance:jupiterCloudProject.testCases@2dbe250d]" started-at="2024-01-09T23:20:31 EET" name="addTheHighestPriceProduct" finished-at="2024-01-09T23:20:33 EET" duration-ms="2492" status="PASS">
          <reporter-output>
          </reporter-output>
        </test-method> <!-- addTheHighestPriceProduct -->
        <test-method signature="addItemsInTheSecondRow()[pri:4, instance:jupiterCloudProject.testCases@2dbe250d]" started-at="2024-01-09T23:20:33 EET" name="addItemsInTheSecondRow" finished-at="2024-01-09T23:20:34 EET" duration-ms="266" status="PASS">
          <reporter-output>
          </reporter-output>
        </test-method> <!-- addItemsInTheSecondRow -->
        <test-method signature="removeFirstAndThirdItem()[pri:5, instance:jupiterCloudProject.testCases@2dbe250d]" started-at="2024-01-09T23:20:34 EET" name="removeFirstAndThirdItem" finished-at="2024-01-09T23:20:36 EET" duration-ms="2634" status="PASS">
          <reporter-output>
          </reporter-output>
        </test-method> <!-- removeFirstAndThirdItem -->
        <test-method is-config="true" signature="postTest()[pri:0, instance:jupiterCloudProject.testCases@2dbe250d]" started-at="2024-01-09T23:20:36 EET" name="postTest" finished-at="2024-01-09T23:20:36 EET" duration-ms="0" status="PASS">
          <reporter-output>
          </reporter-output>
        </test-method> <!-- postTest -->
      </class> <!-- jupiterCloudProject.testCases -->
    </test> <!-- Default test -->
  </suite> <!-- Default suite -->
</testng-results>
